<component name="org.nuxeo.stream.defaultConfig">

  <extension target="org.nuxeo.runtime.stream.kafka.service" point="kafkaConfig">
    <kafkaConfig name="default" zkServers="${kafka.zkServers}" topicPrefix="${kafka.topicPrefix}">
      <producer>
        <property name="bootstrap.servers">${kafka.bootstrap.servers}</property>
      </producer>
      <consumer>
        <property name="bootstrap.servers">${kafka.bootstrap.servers}</property>
        <property name="request.timeout.ms">65000</property>
        <property name="max.poll.interval.ms">60000</property>
        <property name="session.timeout.ms">20000</property>
        <property name="heartbeat.interval.ms">1000</property>
        <property name="max.poll.records">50</property>
      </consumer>
    </kafkaConfig>
  </extension>


</component>